Using pre-set license
Built from '2022.3/staging' branch; Version is '2022.3.30f1 (70558241b701) revision 7361922'; Using compiler version '192829333'; Build Type 'Release'
OS: 'Windows 11  (10.0.26100) 64bit Professional' Language: 'ko' Physical Memory: 7896 MB
BatchMode: 1, IsHumanControllingUs: 0, StartBugReporterOnCrash: 0, Is64bit: 1, IsPro: 1

COMMAND LINE ARGUMENTS:
C:\Program Files\Unity 2022.3.30f1\Editor\Unity.exe
-adb2
-batchMode
-noUpm
-name
AssetImportWorker0
-projectPath
C:/Users/정동진/Documents/Unity/Fantasy Jungle climbing
-logFile
Logs/AssetImportWorker0.log
-srvPort
61333
Successfully changed project path to: C:/Users/정동진/Documents/Unity/Fantasy Jungle climbing
C:/Users/정동진/Documents/Unity/Fantasy Jungle climbing
[UnityMemory] Configuration Parameters - Can be set up in boot.config
    "memorysetup-bucket-allocator-granularity=16"
    "memorysetup-bucket-allocator-bucket-count=8"
    "memorysetup-bucket-allocator-block-size=33554432"
    "memorysetup-bucket-allocator-block-count=8"
    "memorysetup-main-allocator-block-size=16777216"
    "memorysetup-thread-allocator-block-size=16777216"
    "memorysetup-gfx-main-allocator-block-size=16777216"
    "memorysetup-gfx-thread-allocator-block-size=16777216"
    "memorysetup-cache-allocator-block-size=4194304"
    "memorysetup-typetree-allocator-block-size=2097152"
    "memorysetup-profiler-bucket-allocator-granularity=16"
    "memorysetup-profiler-bucket-allocator-bucket-count=8"
    "memorysetup-profiler-bucket-allocator-block-size=33554432"
    "memorysetup-profiler-bucket-allocator-block-count=8"
    "memorysetup-profiler-allocator-block-size=16777216"
    "memorysetup-profiler-editor-allocator-block-size=1048576"
    "memorysetup-temp-allocator-size-main=16777216"
    "memorysetup-job-temp-allocator-block-size=2097152"
    "memorysetup-job-temp-allocator-block-size-background=1048576"
    "memorysetup-job-temp-allocator-reduction-small-platforms=262144"
    "memorysetup-allocator-temp-initial-block-size-main=262144"
    "memorysetup-allocator-temp-initial-block-size-worker=262144"
    "memorysetup-temp-allocator-size-background-worker=32768"
    "memorysetup-temp-allocator-size-job-worker=262144"
    "memorysetup-temp-allocator-size-preload-manager=33554432"
    "memorysetup-temp-allocator-size-nav-mesh-worker=65536"
    "memorysetup-temp-allocator-size-audio-worker=65536"
    "memorysetup-temp-allocator-size-cloud-worker=32768"
    "memorysetup-temp-allocator-size-gi-baking-worker=262144"
    "memorysetup-temp-allocator-size-gfx=262144"
Player connection [14444] Host "[IP] 192.168.211.1 [Port] 0 [Flags] 2 [Guid] 317040579 [EditorId] 317040579 [Version] 1048832 [Id] WindowsEditor(7,dongjin-notebook) [Debug] 1 [PackageName] WindowsEditor [ProjectName] Editor" joined multi-casting on [225.0.0.222:54997]...

Player connection [14444] Host "[IP] 192.168.211.1 [Port] 0 [Flags] 2 [Guid] 317040579 [EditorId] 317040579 [Version] 1048832 [Id] WindowsEditor(7,dongjin-notebook) [Debug] 1 [PackageName] WindowsEditor [ProjectName] Editor" joined alternative multi-casting on [225.0.0.222:34997]...

[Physics::Module] Initialized MultithreadedJobDispatcher with 15 workers.
Refreshing native plugins compatible for Editor in 46.32 ms, found 9 plugins.
Preloading 0 native plugins for Editor in 0.00 ms.
Initialize engine version: 2022.3.30f1 (70558241b701)
[Subsystems] Discovering subsystems at path C:/Program Files/Unity 2022.3.30f1/Editor/Data/Resources/UnitySubsystems
[Subsystems] Discovering subsystems at path C:/Users/정동진/Documents/Unity/Fantasy Jungle climbing/Assets
GfxDevice: creating device client; threaded=0; jobified=0
Direct3D:
    Version:  Direct3D 11.0 [level 11.1]
    Renderer: NVIDIA GeForce RTX 3060 Laptop GPU (ID=0x2520)
    Vendor:   NVIDIA
    VRAM:     6023 MB
    Driver:   30.0.15.1165
Initialize mono
Mono path[0] = 'C:/Program Files/Unity 2022.3.30f1/Editor/Data/Managed'
Mono path[1] = 'C:/Program Files/Unity 2022.3.30f1/Editor/Data/MonoBleedingEdge/lib/mono/unityjit-win32'
Mono config path = 'C:/Program Files/Unity 2022.3.30f1/Editor/Data/MonoBleedingEdge/etc'
Using monoOptions --debugger-agent=transport=dt_socket,embedding=1,server=y,suspend=n,address=127.0.0.1:56948
Begin MonoManager ReloadAssembly
Registering precompiled unity dll's ...
Register platform support module: C:/Program Files/Unity 2022.3.30f1/Editor/Data/PlaybackEngines/WindowsStandaloneSupport/UnityEditor.WindowsStandalone.Extensions.dll
Registered in 0.010673 seconds.
- Loaded All Assemblies, in  0.531 seconds
Native extension for WindowsStandalone target not found
Mono: successfully reloaded assembly
- Finished resetting the current domain, in  0.298 seconds
Domain Reload Profiling: 827ms
	BeginReloadAssembly (238ms)
		ExecutionOrderSort (0ms)
		DisableScriptedObjects (0ms)
		BackupInstance (0ms)
		ReleaseScriptingObjects (0ms)
		CreateAndSetChildDomain (1ms)
	RebuildCommonClasses (39ms)
	RebuildNativeTypeToScriptingClass (9ms)
	initialDomainReloadingComplete (65ms)
	LoadAllAssembliesAndSetupDomain (178ms)
		LoadAssemblies (235ms)
		RebuildTransferFunctionScriptingTraits (0ms)
		AnalyzeDomain (175ms)
			TypeCache.Refresh (174ms)
				TypeCache.ScanAssembly (155ms)
			ScanForSourceGeneratedMonoScriptInfo (0ms)
			ResolveRequiredComponents (1ms)
	FinalizeReload (299ms)
		ReleaseScriptCaches (0ms)
		RebuildScriptCaches (0ms)
		SetupLoadedEditorAssemblies (237ms)
			LogAssemblyErrors (0ms)
			InitializePlatformSupportModulesInManaged (10ms)
			SetLoadedEditorAssemblies (9ms)
			RefreshPlugins (0ms)
			BeforeProcessingInitializeOnLoad (2ms)
			ProcessInitializeOnLoadAttributes (151ms)
			ProcessInitializeOnLoadMethodAttributes (64ms)
			AfterProcessingInitializeOnLoad (0ms)
			EditorAssembliesLoaded (0ms)
		ExecutionOrderSort2 (0ms)
		AwakeInstancesAfterBackupRestoration (0ms)
========================================================================
Worker process is ready to serve import requests
Begin MonoManager ReloadAssembly
- Loaded All Assemblies, in  2.353 seconds
Refreshing native plugins compatible for Editor in 53.67 ms, found 9 plugins.
Native extension for WindowsStandalone target not found
Mono: successfully reloaded assembly
- Finished resetting the current domain, in  1.685 seconds
Domain Reload Profiling: 4021ms
	BeginReloadAssembly (455ms)
		ExecutionOrderSort (0ms)
		DisableScriptedObjects (8ms)
		BackupInstance (0ms)
		ReleaseScriptingObjects (0ms)
		CreateAndSetChildDomain (36ms)
	RebuildCommonClasses (71ms)
	RebuildNativeTypeToScriptingClass (18ms)
	initialDomainReloadingComplete (107ms)
	LoadAllAssembliesAndSetupDomain (1685ms)
		LoadAssemblies (1576ms)
		RebuildTransferFunctionScriptingTraits (0ms)
		AnalyzeDomain (460ms)
			TypeCache.Refresh (379ms)
				TypeCache.ScanAssembly (316ms)
			ScanForSourceGeneratedMonoScriptInfo (60ms)
			ResolveRequiredComponents (19ms)
	FinalizeReload (1685ms)
		ReleaseScriptCaches (0ms)
		RebuildScriptCaches (0ms)
		SetupLoadedEditorAssemblies (1395ms)
			LogAssemblyErrors (0ms)
			InitializePlatformSupportModulesInManaged (11ms)
			SetLoadedEditorAssemblies (7ms)
			RefreshPlugins (0ms)
			BeforeProcessingInitializeOnLoad (132ms)
			ProcessInitializeOnLoadAttributes (1208ms)
			ProcessInitializeOnLoadMethodAttributes (30ms)
			AfterProcessingInitializeOnLoad (9ms)
			EditorAssembliesLoaded (0ms)
		ExecutionOrderSort2 (0ms)
		AwakeInstancesAfterBackupRestoration (5ms)
Launched and connected shader compiler UnityShaderCompiler.exe after 0.22 seconds
Refreshing native plugins compatible for Editor in 10.09 ms, found 9 plugins.
Preloading 0 native plugins for Editor in 0.00 ms.
Unloading 4851 Unused Serialized files (Serialized files now loaded: 0)
Unloading 108 unused Assets / (1.1 MB). Loaded Objects now: 5294.
Memory consumption went from 182.6 MB to 181.5 MB.
Total: 4.403400 ms (FindLiveObjects: 0.267800 ms CreateObjectMapping: 0.137200 ms MarkObjects: 3.416200 ms  DeleteObjects: 0.581100 ms)

AssetImportParameters requested are different than current active one (requested -> active):
  custom:container-demuxer-ogg: 62fdf1f143b41e24485cea50d1cbac27 -> 
  custom:video-codec-MediaFoundation-h265: 746d11721c4dcdbdad8f713fa42b33f4 -> 
  custom:video-decoder-ogg-theora: a1e56fd34408186e4bbccfd4996cb3dc -> 
  custom:framework-win-MediaFoundation: 216162199b28c13a410421893ffa2e32 -> 
  custom:CustomObjectIndexerAttribute: 9a22284fe3817be447336de3de66b15e -> 
  custom:container-demuxer-webm: 4f35f7cbe854078d1ac9338744f61a02 -> 
  custom:container-muxer-webm: aa71ff27fc2769a1b78a27578f13a17b -> 
  custom:video-decoder-webm-vp8: 9c59270c3fd7afecdb556c50c9e8de78 -> 
  custom:SearchIndexIgnoredProperties: e643bd26f0fe6173181afceb89e7c659 -> 
  custom:AudioImporter_EditorPlatform: d09bf68614088b80899f8185d706f6e7 -> 
  custom:video-encoder-webm-vp8: eb34c28f22e8b96e1ab97ce403110664 -> 
  custom:audio-decoder-ogg-vorbis: bf7c407c2cedff20999df2af8eb42d56 -> 
  custom:audio-encoder-webm-vorbis: bf7c407c2cedff20999df2af8eb42d56 -> 
========================================================================
Received Import Request.
  Time since last request: 505679.997170 seconds.
  path: Assets/scripts of sprites/GameManager.cs
  artifactKey: Guid(c2fa67aa3c805cc4ca2b76dfd6930eb9) Importer(815301076,1909f56bfc062723c751e8b465ee728b)
Start importing Assets/scripts of sprites/GameManager.cs using Guid(c2fa67aa3c805cc4ca2b76dfd6930eb9) Importer(815301076,1909f56bfc062723c751e8b465ee728b)  -> (artifact id: '6e9e24b08ed35aa0e421f06630383b2a') in 0.925167 seconds
Number of updated asset objects reloaded before import = 0
Number of asset objects unloaded after import = 0
========================================================================
Received Import Request.
  Time since last request: 2.293437 seconds.
  path: Assets/scripts of sprites/GameManager.cs
  artifactKey: Guid(c2fa67aa3c805cc4ca2b76dfd6930eb9) Importer(815301076,1909f56bfc062723c751e8b465ee728b)
Start importing Assets/scripts of sprites/GameManager.cs using Guid(c2fa67aa3c805cc4ca2b76dfd6930eb9) Importer(815301076,1909f56bfc062723c751e8b465ee728b)  -> (artifact id: 'bc507201adbab18ce200c6467c247139') in 0.017446 seconds
Number of updated asset objects reloaded before import = 0
Number of asset objects unloaded after import = 0
========================================================================
Received Prepare
Begin MonoManager ReloadAssembly
- Loaded All Assemblies, in  3.741 seconds
Refreshing native plugins compatible for Editor in 31.39 ms, found 9 plugins.
Native extension for WindowsStandalone target not found
Mono: successfully reloaded assembly
- Finished resetting the current domain, in 10.430 seconds
Domain Reload Profiling: 14156ms
	BeginReloadAssembly (1815ms)
		ExecutionOrderSort (0ms)
		DisableScriptedObjects (174ms)
		BackupInstance (0ms)
		ReleaseScriptingObjects (1ms)
		CreateAndSetChildDomain (827ms)
	RebuildCommonClasses (66ms)
	RebuildNativeTypeToScriptingClass (14ms)
	initialDomainReloadingComplete (89ms)
	LoadAllAssembliesAndSetupDomain (1740ms)
		LoadAssemblies (1974ms)
		RebuildTransferFunctionScriptingTraits (0ms)
		AnalyzeDomain (179ms)
			TypeCache.Refresh (72ms)
				TypeCache.ScanAssembly (1ms)
			ScanForSourceGeneratedMonoScriptInfo (68ms)
			ResolveRequiredComponents (37ms)
	FinalizeReload (10431ms)
		ReleaseScriptCaches (0ms)
		RebuildScriptCaches (0ms)
		SetupLoadedEditorAssemblies (1087ms)
			LogAssemblyErrors (0ms)
			InitializePlatformSupportModulesInManaged (16ms)
			SetLoadedEditorAssemblies (10ms)
			RefreshPlugins (0ms)
			BeforeProcessingInitializeOnLoad (147ms)
			ProcessInitializeOnLoadAttributes (791ms)
			ProcessInitializeOnLoadMethodAttributes (97ms)
			AfterProcessingInitializeOnLoad (21ms)
			EditorAssembliesLoaded (4ms)
		ExecutionOrderSort2 (0ms)
		AwakeInstancesAfterBackupRestoration (224ms)
Script is not up to date after domain reload: guid(c2fa67aa3c805cc4ca2b76dfd6930eb9) path("Assets/scripts of sprites/GameManager.cs") state(2)
Refreshing native plugins compatible for Editor in 10.83 ms, found 9 plugins.
Preloading 0 native plugins for Editor in 0.00 ms.
Unloading 4817 Unused Serialized files (Serialized files now loaded: 0)
Unloading 65 unused Assets / (1.1 MB). Loaded Objects now: 5310.
Memory consumption went from 172.7 MB to 171.5 MB.
Total: 14.899300 ms (FindLiveObjects: 0.362700 ms CreateObjectMapping: 0.248700 ms MarkObjects: 13.649000 ms  DeleteObjects: 0.637100 ms)

Prepare: number of updated asset objects reloaded= 0
AssetImportParameters requested are different than current active one (requested -> active):
  custom:container-demuxer-ogg: 62fdf1f143b41e24485cea50d1cbac27 -> 
  custom:video-codec-MediaFoundation-h265: 746d11721c4dcdbdad8f713fa42b33f4 -> 
  custom:video-decoder-ogg-theora: a1e56fd34408186e4bbccfd4996cb3dc -> 
  custom:framework-win-MediaFoundation: 216162199b28c13a410421893ffa2e32 -> 
  custom:CustomObjectIndexerAttribute: 9a22284fe3817be447336de3de66b15e -> 
  custom:container-demuxer-webm: 4f35f7cbe854078d1ac9338744f61a02 -> 
  custom:container-muxer-webm: aa71ff27fc2769a1b78a27578f13a17b -> 
  custom:video-decoder-webm-vp8: 9c59270c3fd7afecdb556c50c9e8de78 -> 
  custom:SearchIndexIgnoredProperties: e643bd26f0fe6173181afceb89e7c659 -> 
  custom:AudioImporter_EditorPlatform: d09bf68614088b80899f8185d706f6e7 -> 
  custom:video-encoder-webm-vp8: eb34c28f22e8b96e1ab97ce403110664 -> 
  custom:audio-decoder-ogg-vorbis: bf7c407c2cedff20999df2af8eb42d56 -> 
  custom:audio-encoder-webm-vorbis: bf7c407c2cedff20999df2af8eb42d56 -> 
========================================================================
Received Prepare
Begin MonoManager ReloadAssembly
- Loaded All Assemblies, in  0.737 seconds
Refreshing native plugins compatible for Editor in 10.95 ms, found 9 plugins.
Native extension for WindowsStandalone target not found
Mono: successfully reloaded assembly
- Finished resetting the current domain, in  2.343 seconds
Domain Reload Profiling: 3075ms
	BeginReloadAssembly (181ms)
		ExecutionOrderSort (0ms)
		DisableScriptedObjects (12ms)
		BackupInstance (0ms)
		ReleaseScriptingObjects (0ms)
		CreateAndSetChildDomain (40ms)
	RebuildCommonClasses (42ms)
	RebuildNativeTypeToScriptingClass (11ms)
	initialDomainReloadingComplete (32ms)
	LoadAllAssembliesAndSetupDomain (465ms)
		LoadAssemblies (522ms)
		RebuildTransferFunctionScriptingTraits (0ms)
		AnalyzeDomain (38ms)
			TypeCache.Refresh (15ms)
				TypeCache.ScanAssembly (1ms)
			ScanForSourceGeneratedMonoScriptInfo (10ms)
			ResolveRequiredComponents (11ms)
	FinalizeReload (2344ms)
		ReleaseScriptCaches (0ms)
		RebuildScriptCaches (0ms)
		SetupLoadedEditorAssemblies (511ms)
			LogAssemblyErrors (0ms)
			InitializePlatformSupportModulesInManaged (6ms)
			SetLoadedEditorAssemblies (3ms)
			RefreshPlugins (0ms)
			BeforeProcessingInitializeOnLoad (71ms)
			ProcessInitializeOnLoadAttributes (376ms)
			ProcessInitializeOnLoadMethodAttributes (27ms)
			AfterProcessingInitializeOnLoad (28ms)
			EditorAssembliesLoaded (0ms)
		ExecutionOrderSort2 (0ms)
		AwakeInstancesAfterBackupRestoration (9ms)
Refreshing native plugins compatible for Editor in 8.82 ms, found 9 plugins.
Preloading 0 native plugins for Editor in 0.00 ms.
Unloading 4819 Unused Serialized files (Serialized files now loaded: 0)
Unloading 65 unused Assets / (1.1 MB). Loaded Objects now: 5327.
Memory consumption went from 172.9 MB to 171.8 MB.
Total: 4.626700 ms (FindLiveObjects: 0.310400 ms CreateObjectMapping: 0.155000 ms MarkObjects: 3.332300 ms  DeleteObjects: 0.827500 ms)

Prepare: number of updated asset objects reloaded= 0
AssetImportParameters requested are different than current active one (requested -> active):
  custom:container-demuxer-ogg: 62fdf1f143b41e24485cea50d1cbac27 -> 
  custom:video-codec-MediaFoundation-h265: 746d11721c4dcdbdad8f713fa42b33f4 -> 
  custom:video-decoder-ogg-theora: a1e56fd34408186e4bbccfd4996cb3dc -> 
  custom:framework-win-MediaFoundation: 216162199b28c13a410421893ffa2e32 -> 
  custom:CustomObjectIndexerAttribute: 9a22284fe3817be447336de3de66b15e -> 
  custom:container-demuxer-webm: 4f35f7cbe854078d1ac9338744f61a02 -> 
  custom:container-muxer-webm: aa71ff27fc2769a1b78a27578f13a17b -> 
  custom:video-decoder-webm-vp8: 9c59270c3fd7afecdb556c50c9e8de78 -> 
  custom:SearchIndexIgnoredProperties: e643bd26f0fe6173181afceb89e7c659 -> 
  custom:AudioImporter_EditorPlatform: d09bf68614088b80899f8185d706f6e7 -> 
  custom:video-encoder-webm-vp8: eb34c28f22e8b96e1ab97ce403110664 -> 
  custom:audio-decoder-ogg-vorbis: bf7c407c2cedff20999df2af8eb42d56 -> 
  custom:audio-encoder-webm-vorbis: bf7c407c2cedff20999df2af8eb42d56 -> 
========================================================================
Received Import Request.
  Time since last request: 173.231788 seconds.
  path: Assets/scripts of sprites/MonsterPatrol.cs
  artifactKey: Guid(d9a8fb4d5d26f4f48938bc3e6ed16548) Importer(815301076,1909f56bfc062723c751e8b465ee728b)
Start importing Assets/scripts of sprites/MonsterPatrol.cs using Guid(d9a8fb4d5d26f4f48938bc3e6ed16548) Importer(815301076,1909f56bfc062723c751e8b465ee728b)  -> (artifact id: '4a5dfc2f50b7837586fd5c3a1bf1b584') in 0.225740 seconds
Number of updated asset objects reloaded before import = 0
Number of asset objects unloaded after import = 0
========================================================================
Received Import Request.
  Time since last request: 1.377574 seconds.
  path: Assets/scripts of sprites/MonsterPatrol.cs
  artifactKey: Guid(d9a8fb4d5d26f4f48938bc3e6ed16548) Importer(815301076,1909f56bfc062723c751e8b465ee728b)
Start importing Assets/scripts of sprites/MonsterPatrol.cs using Guid(d9a8fb4d5d26f4f48938bc3e6ed16548) Importer(815301076,1909f56bfc062723c751e8b465ee728b)  -> (artifact id: 'f999c521d523d1db32560ff632e6de6b') in 0.005670 seconds
Number of updated asset objects reloaded before import = 0
Number of asset objects unloaded after import = 0
========================================================================
Received Import Request.
  Time since last request: 2.598385 seconds.
  path: Assets/scripts of sprites/MonsterPatrol.cs
  artifactKey: Guid(d9a8fb4d5d26f4f48938bc3e6ed16548) Importer(815301076,1909f56bfc062723c751e8b465ee728b)
Start importing Assets/scripts of sprites/MonsterPatrol.cs using Guid(d9a8fb4d5d26f4f48938bc3e6ed16548) Importer(815301076,1909f56bfc062723c751e8b465ee728b)  -> (artifact id: 'cd205d01bcaaa2229e2eb2cc9ab86d42') in 0.004325 seconds
Number of updated asset objects reloaded before import = 0
Number of asset objects unloaded after import = 0
========================================================================
Received Import Request.
  Time since last request: 1.916871 seconds.
  path: Assets/scripts of sprites/MonsterPatrol.cs
  artifactKey: Guid(d9a8fb4d5d26f4f48938bc3e6ed16548) Importer(815301076,1909f56bfc062723c751e8b465ee728b)
Start importing Assets/scripts of sprites/MonsterPatrol.cs using Guid(d9a8fb4d5d26f4f48938bc3e6ed16548) Importer(815301076,1909f56bfc062723c751e8b465ee728b)  -> (artifact id: '30ab0d5adf5a50447431b6548a9d7525') in 0.003042 seconds
Number of updated asset objects reloaded before import = 0
Number of asset objects unloaded after import = 0
========================================================================
Received Import Request.
  Time since last request: 2.052104 seconds.
  path: Assets/scripts of sprites/MonsterPatrol.cs
  artifactKey: Guid(d9a8fb4d5d26f4f48938bc3e6ed16548) Importer(815301076,1909f56bfc062723c751e8b465ee728b)
Start importing Assets/scripts of sprites/MonsterPatrol.cs using Guid(d9a8fb4d5d26f4f48938bc3e6ed16548) Importer(815301076,1909f56bfc062723c751e8b465ee728b)  -> (artifact id: '8cd82d8978125467bb1baa3714fda69d') in 0.002214 seconds
Number of updated asset objects reloaded before import = 0
Number of asset objects unloaded after import = 0
========================================================================
Received Import Request.
  Time since last request: 9.553978 seconds.
  path: Assets/scripts of sprites/MonsterPatrol.cs
  artifactKey: Guid(d9a8fb4d5d26f4f48938bc3e6ed16548) Importer(815301076,1909f56bfc062723c751e8b465ee728b)
Start importing Assets/scripts of sprites/MonsterPatrol.cs using Guid(d9a8fb4d5d26f4f48938bc3e6ed16548) Importer(815301076,1909f56bfc062723c751e8b465ee728b)  -> (artifact id: '0889b92cd576a4ee679ee4be6c091122') in 0.007292 seconds
Number of updated asset objects reloaded before import = 0
Number of asset objects unloaded after import = 0
========================================================================
Received Import Request.
  Time since last request: 5.375063 seconds.
  path: Assets/scripts of sprites/MonsterPatrol.cs
  artifactKey: Guid(d9a8fb4d5d26f4f48938bc3e6ed16548) Importer(815301076,1909f56bfc062723c751e8b465ee728b)
Start importing Assets/scripts of sprites/MonsterPatrol.cs using Guid(d9a8fb4d5d26f4f48938bc3e6ed16548) Importer(815301076,1909f56bfc062723c751e8b465ee728b)  -> (artifact id: '6aab7c46510130c9e25d2eb7463b2c44') in 0.004698 seconds
Number of updated asset objects reloaded before import = 0
Number of asset objects unloaded after import = 0
========================================================================
Received Import Request.
  Time since last request: 4.283027 seconds.
  path: Assets/scripts of sprites/MonsterPatrol.cs
  artifactKey: Guid(d9a8fb4d5d26f4f48938bc3e6ed16548) Importer(815301076,1909f56bfc062723c751e8b465ee728b)
Start importing Assets/scripts of sprites/MonsterPatrol.cs using Guid(d9a8fb4d5d26f4f48938bc3e6ed16548) Importer(815301076,1909f56bfc062723c751e8b465ee728b)  -> (artifact id: '129482074c31158380425e6f1d85a99e') in 0.004406 seconds
Number of updated asset objects reloaded before import = 0
Number of asset objects unloaded after import = 0
========================================================================
Received Import Request.
  Time since last request: 4.802871 seconds.
  path: Assets/scripts of sprites/MonsterPatrol.cs
  artifactKey: Guid(d9a8fb4d5d26f4f48938bc3e6ed16548) Importer(815301076,1909f56bfc062723c751e8b465ee728b)
Start importing Assets/scripts of sprites/MonsterPatrol.cs using Guid(d9a8fb4d5d26f4f48938bc3e6ed16548) Importer(815301076,1909f56bfc062723c751e8b465ee728b)  -> (artifact id: 'add49d945fa4628ad30a7e058dacfe15') in 0.002185 seconds
Number of updated asset objects reloaded before import = 0
Number of asset objects unloaded after import = 0
========================================================================
Received Import Request.
  Time since last request: 4.003223 seconds.
  path: Assets/scripts of sprites/MonsterPatrol.cs
  artifactKey: Guid(d9a8fb4d5d26f4f48938bc3e6ed16548) Importer(815301076,1909f56bfc062723c751e8b465ee728b)
Start importing Assets/scripts of sprites/MonsterPatrol.cs using Guid(d9a8fb4d5d26f4f48938bc3e6ed16548) Importer(815301076,1909f56bfc062723c751e8b465ee728b)  -> (artifact id: '04fcec0d15da8eb82f9deb5311500fbe') in 0.004978 seconds
Number of updated asset objects reloaded before import = 0
Number of asset objects unloaded after import = 0
========================================================================
Received Import Request.
  Time since last request: 2.789470 seconds.
  path: Assets/scripts of sprites/MonsterPatrol.cs
  artifactKey: Guid(d9a8fb4d5d26f4f48938bc3e6ed16548) Importer(815301076,1909f56bfc062723c751e8b465ee728b)
Start importing Assets/scripts of sprites/MonsterPatrol.cs using Guid(d9a8fb4d5d26f4f48938bc3e6ed16548) Importer(815301076,1909f56bfc062723c751e8b465ee728b)  -> (artifact id: 'b015848fc76a80ec1045ccacb3ba6e66') in 0.005783 seconds
Number of updated asset objects reloaded before import = 0
Number of asset objects unloaded after import = 0
========================================================================
Received Import Request.
  Time since last request: 3.368607 seconds.
  path: Assets/scripts of sprites/MonsterPatrol.cs
  artifactKey: Guid(d9a8fb4d5d26f4f48938bc3e6ed16548) Importer(815301076,1909f56bfc062723c751e8b465ee728b)
Start importing Assets/scripts of sprites/MonsterPatrol.cs using Guid(d9a8fb4d5d26f4f48938bc3e6ed16548) Importer(815301076,1909f56bfc062723c751e8b465ee728b)  -> (artifact id: '7edd51eec54f5625b966a800c0aa83fd') in 0.003114 seconds
Number of updated asset objects reloaded before import = 0
Number of asset objects unloaded after import = 0
========================================================================
Received Import Request.
  Time since last request: 5.364173 seconds.
  path: Assets/scripts of sprites/MonsterPatrol.cs
  artifactKey: Guid(d9a8fb4d5d26f4f48938bc3e6ed16548) Importer(815301076,1909f56bfc062723c751e8b465ee728b)
Start importing Assets/scripts of sprites/MonsterPatrol.cs using Guid(d9a8fb4d5d26f4f48938bc3e6ed16548) Importer(815301076,1909f56bfc062723c751e8b465ee728b)  -> (artifact id: 'ec37b8cbfe08863c179649faa16b61ec') in 0.005357 seconds
Number of updated asset objects reloaded before import = 0
Number of asset objects unloaded after import = 0
========================================================================
Received Import Request.
  Time since last request: 3.478499 seconds.
  path: Assets/scripts of sprites/MonsterPatrol.cs
  artifactKey: Guid(d9a8fb4d5d26f4f48938bc3e6ed16548) Importer(815301076,1909f56bfc062723c751e8b465ee728b)
Start importing Assets/scripts of sprites/MonsterPatrol.cs using Guid(d9a8fb4d5d26f4f48938bc3e6ed16548) Importer(815301076,1909f56bfc062723c751e8b465ee728b)  -> (artifact id: '91784ad3f1747f5b5e7ddd694321565b') in 0.002352 seconds
Number of updated asset objects reloaded before import = 0
Number of asset objects unloaded after import = 0
========================================================================
Received Import Request.
  Time since last request: 3.385996 seconds.
  path: Assets/scripts of sprites/MonsterPatrol.cs
  artifactKey: Guid(d9a8fb4d5d26f4f48938bc3e6ed16548) Importer(815301076,1909f56bfc062723c751e8b465ee728b)
Start importing Assets/scripts of sprites/MonsterPatrol.cs using Guid(d9a8fb4d5d26f4f48938bc3e6ed16548) Importer(815301076,1909f56bfc062723c751e8b465ee728b)  -> (artifact id: '2fef609904d0910909ed7c45d2eb0f53') in 0.001688 seconds
Number of updated asset objects reloaded before import = 0
Number of asset objects unloaded after import = 0
========================================================================
Received Import Request.
  Time since last request: 2.323263 seconds.
  path: Assets/scripts of sprites/MonsterPatrol.cs
  artifactKey: Guid(d9a8fb4d5d26f4f48938bc3e6ed16548) Importer(815301076,1909f56bfc062723c751e8b465ee728b)
Start importing Assets/scripts of sprites/MonsterPatrol.cs using Guid(d9a8fb4d5d26f4f48938bc3e6ed16548) Importer(815301076,1909f56bfc062723c751e8b465ee728b)  -> (artifact id: '26bbdca142e88ebb69606526c2612984') in 0.001613 seconds
Number of updated asset objects reloaded before import = 0
Number of asset objects unloaded after import = 0
========================================================================
Received Prepare
Begin MonoManager ReloadAssembly
- Loaded All Assemblies, in  5.608 seconds
Refreshing native plugins compatible for Editor in 16.71 ms, found 9 plugins.
Native extension for WindowsStandalone target not found
Mono: successfully reloaded assembly
- Finished resetting the current domain, in 49.824 seconds
Domain Reload Profiling: 55427ms
	BeginReloadAssembly (692ms)
		ExecutionOrderSort (0ms)
		DisableScriptedObjects (80ms)
		BackupInstance (0ms)
		ReleaseScriptingObjects (1ms)
		CreateAndSetChildDomain (183ms)
	RebuildCommonClasses (40ms)
	RebuildNativeTypeToScriptingClass (8ms)
	initialDomainReloadingComplete (52ms)
	LoadAllAssembliesAndSetupDomain (4810ms)
		LoadAssemblies (5040ms)
		RebuildTransferFunctionScriptingTraits (0ms)
		AnalyzeDomain (53ms)
			TypeCache.Refresh (28ms)
				TypeCache.ScanAssembly (1ms)
			ScanForSourceGeneratedMonoScriptInfo (14ms)
			ResolveRequiredComponents (10ms)
	FinalizeReload (49824ms)
		ReleaseScriptCaches (0ms)
		RebuildScriptCaches (0ms)
		SetupLoadedEditorAssemblies (609ms)
			LogAssemblyErrors (0ms)
			InitializePlatformSupportModulesInManaged (7ms)
			SetLoadedEditorAssemblies (7ms)
			RefreshPlugins (0ms)
			BeforeProcessingInitializeOnLoad (90ms)
			ProcessInitializeOnLoadAttributes (453ms)
			ProcessInitializeOnLoadMethodAttributes (37ms)
			AfterProcessingInitializeOnLoad (14ms)
			EditorAssembliesLoaded (1ms)
		ExecutionOrderSort2 (0ms)
		AwakeInstancesAfterBackupRestoration (18ms)
Script is not up to date after domain reload: guid(f0f9546a83271a24c9a4d71b392dc73a) path("Assets/scripts of sprites/PlayerHealth.cs") state(2)
Refreshing native plugins compatible for Editor in 11.96 ms, found 9 plugins.
Preloading 0 native plugins for Editor in 0.00 ms.
Unloading 4817 Unused Serialized files (Serialized files now loaded: 0)
Unloading 65 unused Assets / (1.1 MB). Loaded Objects now: 5342.
Memory consumption went from 172.7 MB to 171.6 MB.
Total: 16.137600 ms (FindLiveObjects: 0.423600 ms CreateObjectMapping: 0.217900 ms MarkObjects: 14.159000 ms  DeleteObjects: 1.335500 ms)

Prepare: number of updated asset objects reloaded= 0
AssetImportParameters requested are different than current active one (requested -> active):
  custom:container-demuxer-ogg: 62fdf1f143b41e24485cea50d1cbac27 -> 
  custom:video-codec-MediaFoundation-h265: 746d11721c4dcdbdad8f713fa42b33f4 -> 
  custom:video-decoder-ogg-theora: a1e56fd34408186e4bbccfd4996cb3dc -> 
  custom:framework-win-MediaFoundation: 216162199b28c13a410421893ffa2e32 -> 
  custom:CustomObjectIndexerAttribute: 9a22284fe3817be447336de3de66b15e -> 
  custom:container-demuxer-webm: 4f35f7cbe854078d1ac9338744f61a02 -> 
  custom:container-muxer-webm: aa71ff27fc2769a1b78a27578f13a17b -> 
  custom:video-decoder-webm-vp8: 9c59270c3fd7afecdb556c50c9e8de78 -> 
  custom:SearchIndexIgnoredProperties: e643bd26f0fe6173181afceb89e7c659 -> 
  custom:AudioImporter_EditorPlatform: d09bf68614088b80899f8185d706f6e7 -> 
  custom:video-encoder-webm-vp8: eb34c28f22e8b96e1ab97ce403110664 -> 
  custom:audio-decoder-ogg-vorbis: bf7c407c2cedff20999df2af8eb42d56 -> 
  custom:audio-encoder-webm-vorbis: bf7c407c2cedff20999df2af8eb42d56 -> 
========================================================================
Received Import Request.
  Time since last request: 145.526623 seconds.
  path: Assets/scripts of sprites/PlayerHealth.cs
  artifactKey: Guid(f0f9546a83271a24c9a4d71b392dc73a) Importer(815301076,1909f56bfc062723c751e8b465ee728b)
Start importing Assets/scripts of sprites/PlayerHealth.cs using Guid(f0f9546a83271a24c9a4d71b392dc73a) Importer(815301076,1909f56bfc062723c751e8b465ee728b)  -> (artifact id: 'e377c32124c5cf8f303adc7195d50fe7') in 0.006897 seconds
Number of updated asset objects reloaded before import = 0
Number of asset objects unloaded after import = 0
========================================================================
Received Prepare
Begin MonoManager ReloadAssembly
- Loaded All Assemblies, in  1.760 seconds
Refreshing native plugins compatible for Editor in 13.06 ms, found 9 plugins.
Native extension for WindowsStandalone target not found
Mono: successfully reloaded assembly
- Finished resetting the current domain, in  2.650 seconds
Domain Reload Profiling: 4406ms
	BeginReloadAssembly (484ms)
		ExecutionOrderSort (0ms)
		DisableScriptedObjects (39ms)
		BackupInstance (0ms)
		ReleaseScriptingObjects (0ms)
		CreateAndSetChildDomain (231ms)
	RebuildCommonClasses (38ms)
	RebuildNativeTypeToScriptingClass (9ms)
	initialDomainReloadingComplete (45ms)
	LoadAllAssembliesAndSetupDomain (1179ms)
		LoadAssemblies (1252ms)
		RebuildTransferFunctionScriptingTraits (0ms)
		AnalyzeDomain (76ms)
			TypeCache.Refresh (34ms)
				TypeCache.ScanAssembly (1ms)
			ScanForSourceGeneratedMonoScriptInfo (20ms)
			ResolveRequiredComponents (21ms)
	FinalizeReload (2651ms)
		ReleaseScriptCaches (0ms)
		RebuildScriptCaches (0ms)
		SetupLoadedEditorAssemblies (526ms)
			LogAssemblyErrors (0ms)
			InitializePlatformSupportModulesInManaged (8ms)
			SetLoadedEditorAssemblies (7ms)
			RefreshPlugins (0ms)
			BeforeProcessingInitializeOnLoad (83ms)
			ProcessInitializeOnLoadAttributes (394ms)
			ProcessInitializeOnLoadMethodAttributes (25ms)
			AfterProcessingInitializeOnLoad (8ms)
			EditorAssembliesLoaded (0ms)
		ExecutionOrderSort2 (0ms)
		AwakeInstancesAfterBackupRestoration (9ms)
Refreshing native plugins compatible for Editor in 11.73 ms, found 9 plugins.
Preloading 0 native plugins for Editor in 0.00 ms.
Unloading 4818 Unused Serialized files (Serialized files now loaded: 0)
Unloading 65 unused Assets / (1.0 MB). Loaded Objects now: 5359.
Memory consumption went from 172.6 MB to 171.6 MB.
Total: 4.802700 ms (FindLiveObjects: 0.313700 ms CreateObjectMapping: 0.152400 ms MarkObjects: 3.726600 ms  DeleteObjects: 0.609100 ms)

Prepare: number of updated asset objects reloaded= 0
AssetImportParameters requested are different than current active one (requested -> active):
  custom:container-demuxer-ogg: 62fdf1f143b41e24485cea50d1cbac27 -> 
  custom:video-codec-MediaFoundation-h265: 746d11721c4dcdbdad8f713fa42b33f4 -> 
  custom:video-decoder-ogg-theora: a1e56fd34408186e4bbccfd4996cb3dc -> 
  custom:framework-win-MediaFoundation: 216162199b28c13a410421893ffa2e32 -> 
  custom:CustomObjectIndexerAttribute: 9a22284fe3817be447336de3de66b15e -> 
  custom:container-demuxer-webm: 4f35f7cbe854078d1ac9338744f61a02 -> 
  custom:container-muxer-webm: aa71ff27fc2769a1b78a27578f13a17b -> 
  custom:video-decoder-webm-vp8: 9c59270c3fd7afecdb556c50c9e8de78 -> 
  custom:SearchIndexIgnoredProperties: e643bd26f0fe6173181afceb89e7c659 -> 
  custom:AudioImporter_EditorPlatform: d09bf68614088b80899f8185d706f6e7 -> 
  custom:video-encoder-webm-vp8: eb34c28f22e8b96e1ab97ce403110664 -> 
  custom:audio-decoder-ogg-vorbis: bf7c407c2cedff20999df2af8eb42d56 -> 
  custom:audio-encoder-webm-vorbis: bf7c407c2cedff20999df2af8eb42d56 -> 
